  Graph-인접행렬.c
c:\users\kooda\onedrive\바탕 화면\data-structure\data-struct\data-struct\graph-인접행렬.c(26): warning C4133: '=': 'Queue *'과(와) 'stack *' 사이의 형식이 호환되지 않습니다.
c:\users\kooda\onedrive\바탕 화면\data-structure\data-struct\data-struct\graph-인접행렬.c(36): warning C4133: '=': 'stack *'과(와) 'Queue *' 사이의 형식이 호환되지 않습니다.
c:\users\kooda\onedrive\바탕 화면\data-structure\data-struct\data-struct\graph-인접행렬.c(31): warning C4047: '초기화 중': 'int'의 간접 참조 수준이 'void *'과(와) 다릅니다.
c:\users\kooda\onedrive\바탕 화면\data-structure\data-struct\data-struct\graph-인접행렬.c(67): warning C4047: '초기화 중': 'int'의 간접 참조 수준이 'void *'과(와) 다릅니다.
c:\users\kooda\onedrive\바탕 화면\data-structure\data-struct\data-struct\graph-인접행렬.c(116): warning C4098: 'AddVertex': 'void' 함수에서 값을 반환하고 있습니다.
c:\users\kooda\onedrive\바탕 화면\data-structure\data-struct\data-struct\graph-인접행렬.c(120): warning C4098: 'AddVertex': 'void' 함수에서 값을 반환하고 있습니다.
c:\users\kooda\onedrive\바탕 화면\data-structure\data-struct\data-struct\graph-인접행렬.c(141): warning C4013: 'PrintVertex'이(가) 정의되지 않았습니다. extern은 int형을 반환하는 것으로 간주합니다.
c:\users\kooda\onedrive\바탕 화면\data-structure\data-struct\data-struct\graph-인접행렬.c(213): warning C4133: '함수': 'Graph **'과(와) 'Queue **' 사이의 형식이 호환되지 않습니다.
c:\users\kooda\onedrive\바탕 화면\data-structure\data-struct\data-struct\graph-인접행렬.c(217): warning C4133: '함수': 'Graph **'과(와) 'Queue **' 사이의 형식이 호환되지 않습니다.
c:\users\kooda\onedrive\바탕 화면\data-structure\data-struct\data-struct\graph-인접행렬.c(219): warning C4133: '함수': 'Graph **'과(와) 'Queue **' 사이의 형식이 호환되지 않습니다.
c:\users\kooda\onedrive\바탕 화면\data-structure\data-struct\data-struct\graph-인접행렬.c(219): warning C4020: 'Dequeue': 실제 매개 변수가 너무 많습니다.
c:\users\kooda\onedrive\바탕 화면\data-structure\data-struct\data-struct\graph-인접행렬.c(226): warning C4133: '함수': 'Graph **'과(와) 'Queue **' 사이의 형식이 호환되지 않습니다.
c:\users\kooda\onedrive\바탕 화면\data-structure\data-struct\data-struct\graph-인접행렬.c(233): warning C4133: '함수': 'Graph **'과(와) 'Queue **' 사이의 형식이 호환되지 않습니다.
c:\users\kooda\onedrive\바탕 화면\data-structure\data-struct\data-struct\graph-인접행렬.c(235): warning C4047: '함수': 'Queue *'의 간접 참조 수준이 'Graph **'과(와) 다릅니다.
c:\users\kooda\onedrive\바탕 화면\data-structure\data-struct\data-struct\graph-인접행렬.c(235): warning C4024: 'IsEmptyQ': 형식 및 실제 매개 변수 1의 형식이 서로 다릅니다.
c:\users\kooda\onedrive\바탕 화면\data-structure\data-struct\data-struct\graph-인접행렬.c(235): warning C4024: 'IsEmptyQ': 형식 및 실제 매개 변수 2의 형식이 서로 다릅니다.
c:\users\kooda\onedrive\바탕 화면\data-structure\data-struct\data-struct\graph-인접행렬.c(51): warning C4715: 'IsEmptyQ': 모든 제어 경로에서 값을 반환하지는 않습니다.
c:\users\kooda\onedrive\바탕 화면\data-structure\data-struct\data-struct\graph-인접행렬.c(56): warning C4716: 'InitStack': 값을 반환해야 합니다.
c:\users\kooda\onedrive\바탕 화면\data-structure\data-struct\data-struct\graph-인접행렬.c(167): warning C4716: 'PrintVertex': 값을 반환해야 합니다.
  Data-Struct.vcxproj -> C:\Users\kooda\OneDrive\바탕 화면\Data-Structure\Data-Struct\Debug\Data-Struct.exe
